<?xml version="1.0" encoding="UTF-8"?>
<!-- Generated by org.testng.reporters.JUnitXMLReporter -->
<testsuite ignored="0" hostname="PF3P5HG0" failures="2" tests="3" name="FirstExecution" time="30.118" errors="0" timestamp="2023-02-14T13:28:38 IST">
  <testcase classname="com.EnergyAustralia.Test.MusicFestival" name="validateBandDetails" time="2.469">
    <failure type="com.EnergyAustralia.helpers.MusicFestivalDetailsNotFound" message="APP Throwing Exception - UI Exception is:Something went badly wrong... Cannot construct instance of `java.util.ArrayList` (although at least one Creator exists): no String-argument constructor/factory method to deserialize from String value (&amp;apos;&amp;apos;)
 at [Source: (okhttp3.ResponseBody$BomAwareReader); line: 1, column: 1]">
      <![CDATA[com.EnergyAustralia.helpers.MusicFestivalDetailsNotFound: APP Throwing Exception - UI Exception is:Something went badly wrong... Cannot construct instance of `java.util.ArrayList` (although at least one Creator exists): no String-argument constructor/factory method to deserialize from String value ('')
 at [Source: (okhttp3.ResponseBody$BomAwareReader); line: 1, column: 1]
at com.EnergyAustralia.Test.MusicFestival.validateBandDetails(MusicFestival.java:42)
at java.base/java.util.ArrayList.forEach(ArrayList.java:1511)
... Removed 27 stack frames]]>
    </failure>
  </testcase> <!-- validateBandDetails -->
  <testcase classname="com.EnergyAustralia.Test.MusicFestival" name="validateEmptyResponse" time="0.678"/>
  <testcase classname="com.EnergyAustralia.Test.MusicFestival" name="validateFestivalDetails" time="0.552">
    <failure type="com.EnergyAustralia.helpers.MusicFestivalDetailsNotFound" message="APP Throwing Exception - UI Exception is:Unknown">
      <![CDATA[com.EnergyAustralia.helpers.MusicFestivalDetailsNotFound: APP Throwing Exception - UI Exception is:Unknown
at com.EnergyAustralia.Test.MusicFestival.validateFestivalDetails(MusicFestival.java:52)
at java.base/java.util.ArrayList.forEach(ArrayList.java:1511)
... Removed 27 stack frames]]>
    </failure>
  </testcase> <!-- validateFestivalDetails -->
</testsuite> <!-- FirstExecution -->
