<?xml version="1.0" encoding="UTF-8"?>
<!-- Generated by org.testng.reporters.JUnitXMLReporter -->
<testsuite ignored="0" hostname="PF3P5HG0" failures="2" tests="3" name="FourthExecution" time="26.417" errors="0" timestamp="2023-02-14T13:30:03 IST">
  <testcase classname="com.EnergyAustralia.Test.MusicFestival" name="validateBandDetails" time="1.896"/>
  <testcase classname="com.EnergyAustralia.Test.MusicFestival" name="validateEmptyResponse" time="0.692">
    <failure type="com.EnergyAustralia.helpers.MusicFestivalDetailsNotFound" message="APP Throwing Exception - UI Exception is:Response wasn&amp;apos;t successful or data empty. Response code: 429">
      <![CDATA[com.EnergyAustralia.helpers.MusicFestivalDetailsNotFound: APP Throwing Exception - UI Exception is:Response wasn't successful or data empty. Response code: 429
at com.EnergyAustralia.Test.MusicFestival.validateEmptyResponse(MusicFestival.java:30)
at java.base/java.util.ArrayList.forEach(ArrayList.java:1511)
... Removed 27 stack frames]]>
    </failure>
  </testcase> <!-- validateEmptyResponse -->
  <testcase classname="com.EnergyAustralia.Test.MusicFestival" name="validateFestivalDetails" time="0.46">
    <failure type="com.EnergyAustralia.helpers.MusicFestivalDetailsNotFound" message="APP Throwing Exception - UI Exception is:Unknown">
      <![CDATA[com.EnergyAustralia.helpers.MusicFestivalDetailsNotFound: APP Throwing Exception - UI Exception is:Unknown
at com.EnergyAustralia.Test.MusicFestival.validateFestivalDetails(MusicFestival.java:52)
at java.base/java.util.ArrayList.forEach(ArrayList.java:1511)
... Removed 27 stack frames]]>
    </failure>
  </testcase> <!-- validateFestivalDetails -->
</testsuite> <!-- FourthExecution -->
